<?xml version="1.0"?>
<!DOCTYPE unifiedTestConfiguration SYSTEM "http://www.hep.ucl.ac.uk/atlas/AtlasTesting/DTD/unifiedTestConfiguration.dtd">

<unifiedTestConfiguration>

<atn>
   <TEST name="D3PDMakerTest" type="makecheck">
     <package>PhysicsAnalysis/D3PDMaker/D3PDMakerTest</package>
     <timelimit>60</timelimit>
      <mailto> snyder@bnl.gov </mailto>
      <expectations>
         <errorMessage>Athena exited abnormally</errorMessage>
         <errorMessage>differ</errorMessage>
         <errorMessage>FAILURE log file</errorMessage>
         <returnValue>0</returnValue>
      </expectations>
   </TEST>
</atn>
 
</unifiedTestConfiguration>
