<?xml version="1.0"?>
<atn>
   <TEST name="ControlTest" type="makecheck" suite="Examples">
      <package>AtlasTest/ControlTest</package>
      <timelimit>20</timelimit>
      <author> Paolo Calafiura </author>
      <mailto> pcalafiura@lbl.gov </mailto>
      <expectations>
         <errorMessage> Athena exited abnormally </errorMessage>
         <errorMessage> Terminating event processing loop due to errors </errorMessage>
         <successMessage>check ok.</successMessage>

         <returnValue>0</returnValue>
      </expectations>
   </TEST>

   <TEST name="test_cfgItemList" type="script" suite="Core">
      <package>AtlasTest/ControlTest</package>
      <options_atn>python -c'import ControlTest.test_cfgItemList'</options_atn>
      <timelimit>10</timelimit>
      <author> Sebastien Binet </author>
      <mailto> binet@cern.ch </mailto>
      <expectations>
         <successMessage>test SUCCESSFULL</successMessage>
         <errorMessage>ERROR</errorMessage>
         <returnValue>0</returnValue>
      </expectations>
   </TEST>

   <TEST name="test_keyStore" type="script" suite="Core">
      <package>AtlasTest/ControlTest</package>
      <options_atn>python -c'import ControlTest.test_keyStore'</options_atn>
      <timelimit>10</timelimit>
      <author> Sebastien Binet </author>
      <mailto> binet@cern.ch </mailto>
      <expectations>
         <successMessage>test SUCCESSFULL</successMessage>
         <errorMessage>ERROR</errorMessage>
         <returnValue>0</returnValue>
      </expectations>
   </TEST>

   <TEST name="test_interactive_athena" type="script" suite="Core">
      <package>AtlasTest/ControlTest</package>
      <options_atn>athena.py -i ControlTest/test_interactive_athena.py</options_atn>
      <timelimit>10</timelimit>
      <author> Sebastien Binet </author>
      <mailto> binet@cern.ch </mailto>
      <expectations>
         <successMessage>test [OK]</successMessage>
         <errorMessage>ERROR</errorMessage>
         <returnValue>0</returnValue>
      </expectations>
   </TEST>

</atn>
